# JRE version: Java(TM) SE Runtime Environment (8.0_131-b11) (build 1.8.0_131-b11)
# Java VM: Java HotSpot(TM) 64-Bit Server VM (25.131-b11 mixed mode bsd-amd64 compressed oops)
Heap:
 PSYoungGen      total 267264K, used 37035K [0x0000000795580000, 0x00000007ade00000, 0x00000007c0000000)
  eden space 239616K, 3% used [0x0000000795580000,0x0000000795eadc78,0x00000007a3f80000)
  from space 27648K, 99% used [0x00000007a3f80000,0x00000007a5a7d0b0,0x00000007a5a80000)
  to   space 80896K, 0% used [0x00000007a8f00000,0x00000007a8f00000,0x00000007ade00000)
 ParOldGen       total 1398272K, used 1305025K [0x0000000740000000, 0x0000000795580000, 0x0000000795580000)
  object space 1398272K, 93% used [0x0000000740000000,0x000000078fa70458,0x0000000795580000)
 Metaspace       used 24158K, capacity 24614K, committed 24832K, reserved 1071104K
  class space    used 2945K, capacity 3067K, committed 3072K, reserved 1048576K
GC Heap History (10 events):
Event: 2320.128 GC heap before
{Heap before GC invocations=2327 (full 12):
 PSYoungGen      total 269312K, used 245777K [0x0000000795580000, 0x00000007a7d00000, 0x00000007c0000000)
  eden space 240128K, 100% used [0x0000000795580000,0x00000007a4000000,0x00000007a4000000)
  from space 29184K, 19% used [0x00000007a6080000,0x00000007a6604628,0x00000007a7d00000)
  to   space 31232K, 0% used [0x00000007a4000000,0x00000007a4000000,0x00000007a5e80000)
 ParOldGen       total 1398272K, used 1175230K [0x0000000740000000, 0x0000000795580000, 0x0000000795580000)
  object space 1398272K, 84% used [0x0000000740000000,0x0000000787baf910,0x0000000795580000)
 Metaspace       used 23932K, capacity 24352K, committed 24576K, reserved 1071104K
  class space    used 2935K, capacity 3066K, committed 3072K, reserved 1048576K
Event: 2320.138 GC heap after
Heap after GC invocations=2327 (full 12):
 PSYoungGen      total 248320K, used 8114K [0x0000000795580000, 0x00000007a7980000, 0x00000007c0000000)
  eden space 240128K, 0% used [0x0000000795580000,0x0000000795580000,0x00000007a4000000)
  from space 8192K, 99% used [0x00000007a4000000,0x00000007a47ecbf0,0x00000007a4800000)
  to   space 29184K, 0% used [0x00000007a5d00000,0x00000007a5d00000,0x00000007a7980000)
 ParOldGen       total 1398272K, used 1175230K [0x0000000740000000, 0x0000000795580000, 0x0000000795580000)
  object space 1398272K, 84% used [0x0000000740000000,0x0000000787baf910,0x0000000795580000)
 Metaspace       used 23932K, capacity 24352K, committed 24576K, reserved 1071104K
  class space    used 2935K, capacity 3066K, committed 3072K, reserved 1048576K
}
Event: 2330.996 GC heap before
{Heap before GC invocations=2328 (full 12):
 PSYoungGen      total 248320K, used 248242K [0x0000000795580000, 0x00000007a7980000, 0x00000007c0000000)
  eden space 240128K, 100% used [0x0000000795580000,0x00000007a4000000,0x00000007a4000000)
  from space 8192K, 99% used [0x00000007a4000000,0x00000007a47ecbf0,0x00000007a4800000)
  to   space 29184K, 0% used [0x00000007a5d00000,0x00000007a5d00000,0x00000007a7980000)
 ParOldGen       total 1398272K, used 1175230K [0x0000000740000000, 0x0000000795580000, 0x0000000795580000)
  object space 1398272K, 84% used [0x0000000740000000,0x0000000787baf910,0x0000000795580000)
 Metaspace       used 23933K, capacity 24352K, committed 24576K, reserved 1071104K
  class space    used 2935K, capacity 3066K, committed 3072K, reserved 1048576K
Event: 2331.007 GC heap after
Heap after GC invocations=2328 (full 12):
 PSYoungGen      total 267776K, used 10438K [0x0000000795580000, 0x00000007a7780000, 0x00000007c0000000)
  eden space 240640K, 0% used [0x0000000795580000,0x0000000795580000,0x00000007a4080000)
  from space 27136K, 38% used [0x00000007a5d00000,0x00000007a6731b10,0x00000007a7780000)
  to   space 28160K, 0% used [0x00000007a4080000,0x00000007a4080000,0x00000007a5c00000)
 ParOldGen       total 1398272K, used 1175230K [0x0000000740000000, 0x0000000795580000, 0x0000000795580000)
  object space 1398272K, 84% used [0x0000000740000000,0x0000000787baf910,0x0000000795580000)
 Metaspace       used 23933K, capacity 24352K, committed 24576K, reserved 1071104K
  class space    used 2935K, capacity 3066K, committed 3072K, reserved 1048576K
}
Event: 2340.501 GC heap before
{Heap before GC invocations=2329 (full 12):
 PSYoungGen      total 267776K, used 251078K [0x0000000795580000, 0x00000007a7780000, 0x00000007c0000000)
  eden space 240640K, 100% used [0x0000000795580000,0x00000007a4080000,0x00000007a4080000)
  from space 27136K, 38% used [0x00000007a5d00000,0x00000007a6731b10,0x00000007a7780000)
  to   space 28160K, 0% used [0x00000007a4080000,0x00000007a4080000,0x00000007a5c00000)
 ParOldGen       total 1398272K, used 1175230K [0x0000000740000000, 0x0000000795580000, 0x0000000795580000)
  object space 1398272K, 84% used [0x0000000740000000,0x0000000787baf910,0x0000000795580000)
 Metaspace       used 23933K, capacity 24352K, committed 24576K, reserved 1071104K
  class space    used 2935K, capacity 3066K, committed 3072K, reserved 1048576K
Event: 2340.509 GC heap after
Heap after GC invocations=2329 (full 12):
 PSYoungGen      total 248832K, used 7914K [0x0000000795580000, 0x00000007a7400000, 0x00000007c0000000)
  eden space 240640K, 0% used [0x0000000795580000,0x0000000795580000,0x00000007a4080000)
  from space 8192K, 96% used [0x00000007a4080000,0x00000007a483a9a8,0x00000007a4880000)
  to   space 26112K, 0% used [0x00000007a5a80000,0x00000007a5a80000,0x00000007a7400000)
 ParOldGen       total 1398272K, used 1175230K [0x0000000740000000, 0x0000000795580000, 0x0000000795580000)
  object space 1398272K, 84% used [0x0000000740000000,0x0000000787baf910,0x0000000795580000)
 Metaspace       used 23933K, capacity 24352K, committed 24576K, reserved 1071104K
  class space    used 2935K, capacity 3066K, committed 3072K, reserved 1048576K
}
Event: 2551.191 GC heap before
{Heap before GC invocations=2330 (full 12):
 PSYoungGen      total 248832K, used 248178K [0x0000000795580000, 0x00000007a7400000, 0x00000007c0000000)
  eden space 240640K, 99% used [0x0000000795580000,0x00000007a4022240,0x00000007a4080000)
  from space 8192K, 96% used [0x00000007a4080000,0x00000007a483a9a8,0x00000007a4880000)
  to   space 26112K, 0% used [0x00000007a5a80000,0x00000007a5a80000,0x00000007a7400000)
 ParOldGen       total 1398272K, used 1175230K [0x0000000740000000, 0x0000000795580000, 0x0000000795580000)
  object space 1398272K, 84% used [0x0000000740000000,0x0000000787baf910,0x0000000795580000)
 Metaspace       used 23942K, capacity 24352K, committed 24576K, reserved 1071104K
  class space    used 2936K, capacity 3066K, committed 3072K, reserved 1048576K
Event: 2551.219 GC heap after
Heap after GC invocations=2330 (full 12):
 PSYoungGen      total 265728K, used 17110K [0x0000000795580000, 0x00000007a7700000, 0x00000007c0000000)
  eden space 239616K, 0% used [0x0000000795580000,0x0000000795580000,0x00000007a3f80000)
  from space 26112K, 65% used [0x00000007a5a80000,0x00000007a6b35828,0x00000007a7400000)
  to   space 27648K, 0% used [0x00000007a3f80000,0x00000007a3f80000,0x00000007a5a80000)
 ParOldGen       total 1398272K, used 1175230K [0x0000000740000000, 0x0000000795580000, 0x0000000795580000)
  object space 1398272K, 84% used [0x0000000740000000,0x0000000787baf910,0x0000000795580000)
 Metaspace       used 23942K, capacity 24352K, committed 24576K, reserved 1071104K
  class space    used 2936K, capacity 3066K, committed 3072K, reserved 1048576K
}
Event: 2787.169 GC heap before
{Heap before GC invocations=2331 (full 12):
 PSYoungGen      total 265728K, used 256726K [0x0000000795580000, 0x00000007a7700000, 0x00000007c0000000)
  eden space 239616K, 100% used [0x0000000795580000,0x00000007a3f80000,0x00000007a3f80000)
  from space 26112K, 65% used [0x00000007a5a80000,0x00000007a6b35828,0x00000007a7400000)
  to   space 27648K, 0% used [0x00000007a3f80000,0x00000007a3f80000,0x00000007a5a80000)
 ParOldGen       total 1398272K, used 1175230K [0x0000000740000000, 0x0000000795580000, 0x0000000795580000)
  object space 1398272K, 84% used [0x0000000740000000,0x0000000787baf910,0x0000000795580000)
 Metaspace       used 24157K, capacity 24614K, committed 24832K, reserved 1071104K
  class space    used 2945K, capacity 3067K, committed 3072K, reserved 1048576K
Event: 2787.413 GC heap after
Heap after GC invocations=2331 (full 12):
 PSYoungGen      total 267264K, used 27636K [0x0000000795580000, 0x00000007ade00000, 0x00000007c0000000)
  eden space 239616K, 0% used [0x0000000795580000,0x0000000795580000,0x00000007a3f80000)
  from space 27648K, 99% used [0x00000007a3f80000,0x00000007a5a7d0b0,0x00000007a5a80000)
  to   space 80896K, 0% used [0x00000007a8f00000,0x00000007a8f00000,0x00000007ade00000)
 ParOldGen       total 1398272K, used 1305025K [0x0000000740000000, 0x0000000795580000, 0x0000000795580000)
  object space 1398272K, 93% used [0x0000000740000000,0x000000078fa70458,0x0000000795580000)
 Metaspace       used 24157K, capacity 24614K, committed 24832K, reserved 1071104K
  class space    used 2945K, capacity 3067K, committed 3072K, reserved 1048576K
}

